2021-05-09 13:11:52,673 INFO Server [main] Сервер запущен!
2021-05-09 13:11:53,193 INFO D.DateBase [main] Соединение с базой данных установлена
2021-05-09 13:11:53,397 INFO Server [main] Ожидание подключения...
2021-05-09 13:11:59,611 INFO Server [main] Соединение с клиентом установлено
2021-05-09 13:12:09,364 INFO D.DateBase [main] Пытаемся добавить пользователя в базу данных
2021-05-09 13:12:09,395 INFO D.DateBase [main] Пользователь bill добавлен
2021-05-09 13:12:12,185 INFO Server [Thread-2] Пользватель bill ввёл: show
2021-05-09 13:12:12,210 INFO C.CommandShow [pool-2-thread-1] Команда выполнена
2021-05-09 13:12:12,251 ERROR D.DateBase [pool-2-thread-1] ОШИБКА: оператор не уникален: unknown + unknown
  Подсказка: Не удалось выбрать лучшую кандидатуру оператора. Возможно, вам следует добавить явные приведения типов.
  Позиция: 406
2021-05-09 13:12:12,253 ERROR D.DateBase [pool-2-thread-1] ОШИБКА: оператор не уникален: unknown + unknown
  Подсказка: Не удалось выбрать лучшую кандидатуру оператора. Возможно, вам следует добавить явные приведения типов.
  Позиция: 388
2021-05-09 13:14:22,862 INFO Server [main] Сервер запущен!
2021-05-09 13:14:23,377 INFO D.DateBase [main] Соединение с базой данных установлена
2021-05-09 13:14:23,398 INFO Server [main] Ожидание подключения...
2021-05-09 13:14:24,928 INFO Server [main] Соединение с клиентом установлено
2021-05-09 13:14:31,448 ERROR D.DateBase [main] Пользователю не удалось войти
2021-05-09 13:14:40,817 INFO D.DateBase [main] Пользователь bill успешено авторизировался
2021-05-09 13:14:46,330 INFO Server [Thread-2] Пользватель bill ввёл: show
2021-05-09 13:14:46,336 INFO C.CommandShow [pool-2-thread-1] Команда выполнена
2021-05-09 13:15:10,813 INFO Server [Thread-3] Пользватель bill ввёл: show
2021-05-09 13:15:10,814 INFO C.CommandShow [pool-3-thread-1] Команда выполнена
2021-05-09 13:15:28,820 INFO Server [main] Сервер запущен!
2021-05-09 13:15:29,249 INFO D.DateBase [main] Соединение с базой данных установлена
2021-05-09 13:15:29,388 INFO Server [main] Ожидание подключения...
2021-05-09 13:15:30,807 INFO Server [main] Соединение с клиентом установлено
2021-05-09 13:15:37,410 INFO D.DateBase [main] Пользователь bill успешено авторизировался
2021-05-09 13:15:39,636 INFO Server [Thread-1] Пользватель bill ввёл: show
2021-05-09 13:15:39,662 INFO C.CommandShow [pool-2-thread-1] Команда выполнена
2021-05-09 13:15:39,674 ERROR Server [Thread-1] Ошибка отправки ответа
2021-05-09 13:16:41,374 INFO Server [main] Сервер запущен!
2021-05-09 13:16:41,842 INFO D.DateBase [main] Соединение с базой данных установлена
2021-05-09 13:16:41,865 INFO Server [main] Ожидание подключения...
2021-05-09 13:16:43,296 INFO Server [main] Соединение с клиентом установлено
2021-05-09 13:16:49,284 INFO D.DateBase [main] Пользователь bill успешено авторизировался
2021-05-09 13:16:51,392 INFO Server [Thread-1] Пользватель bill ввёл: show
2021-05-09 13:16:51,398 INFO C.CommandShow [pool-2-thread-1] Команда выполнена
2021-05-09 13:17:10,173 INFO Server [main] Сервер запущен!
2021-05-09 13:17:10,603 INFO D.DateBase [main] Соединение с базой данных установлена
2021-05-09 13:17:10,762 INFO Server [main] Ожидание подключения...
2021-05-09 13:17:12,150 INFO Server [main] Соединение с клиентом установлено
2021-05-09 13:17:18,654 INFO D.DateBase [main] Пользователь bill успешено авторизировался
2021-05-09 13:17:20,913 INFO Server [Thread-1] Пользватель bill ввёл: show
2021-05-09 13:17:20,935 INFO C.CommandShow [pool-2-thread-1] Команда выполнена
2021-05-09 13:17:20,949 ERROR Server [Thread-1] Ошибка отправки ответа
2021-05-09 13:17:52,269 INFO Server [main] Сервер запущен!
2021-05-09 13:17:52,681 INFO D.DateBase [main] Соединение с базой данных установлена
2021-05-09 13:17:52,810 INFO Server [main] Ожидание подключения...
2021-05-09 13:17:55,069 INFO Server [main] Соединение с клиентом установлено
2021-05-09 13:18:20,084 INFO Server [main] Сервер запущен!
2021-05-09 13:18:20,552 INFO D.DateBase [main] Соединение с базой данных установлена
2021-05-09 13:18:20,718 INFO Server [main] Ожидание подключения...
2021-05-09 13:18:22,068 INFO Server [main] Соединение с клиентом установлено
2021-05-09 13:18:28,593 INFO D.DateBase [main] Пользователь bill успешено авторизировался
2021-05-09 13:18:30,958 INFO Server [Thread-1] Пользватель bill ввёл: show
2021-05-09 13:18:30,983 INFO C.CommandShow [pool-2-thread-1] Команда выполнена
2021-05-09 13:18:30,997 ERROR Server [Thread-1] Ошибка отправки ответа
2021-05-09 13:20:21,650 INFO Server [main] Сервер запущен!
2021-05-09 13:20:22,046 INFO D.DateBase [main] Соединение с базой данных установлена
2021-05-09 13:20:22,067 INFO C.CommandShow [main] Команда выполнена
2021-05-09 13:20:22,068 INFO Server [main] Ожидание подключения...
2021-05-09 13:21:00,755 INFO Server [main] Сервер запущен!
2021-05-09 13:21:01,179 INFO D.DateBase [main] Соединение с базой данных установлена
2021-05-09 13:21:01,335 INFO C.CommandShow [main] Команда выполнена
2021-05-09 13:21:01,337 INFO Server [main] Ожидание подключения...
2021-05-09 13:24:24,400 INFO Server [main] Сервер запущен!
2021-05-09 13:24:24,829 INFO D.DateBase [main] Соединение с базой данных установлена
2021-05-09 13:24:25,102 INFO Server [main] Ожидание подключения...
2021-05-09 13:24:26,587 INFO Server [main] Соединение с клиентом установлено
2021-05-09 13:24:39,342 INFO D.DateBase [main] Пользователь bill успешено авторизировался
2021-05-09 13:24:41,765 INFO Server [Thread-1] Пользватель bill ввёл: show
2021-05-09 13:24:41,788 INFO C.CommandShow [pool-2-thread-1] Команда выполнена
2021-05-09 13:24:41,833 ERROR D.DateBase [pool-2-thread-1] ОШИБКА: оператор не уникален: unknown + unknown
  Подсказка: Не удалось выбрать лучшую кандидатуру оператора. Возможно, вам следует добавить явные приведения типов.
  Позиция: 406
2021-05-09 13:24:41,836 ERROR D.DateBase [pool-2-thread-1] ОШИБКА: оператор не уникален: unknown + unknown
  Подсказка: Не удалось выбрать лучшую кандидатуру оператора. Возможно, вам следует добавить явные приведения типов.
  Позиция: 388
2021-05-09 13:24:45,904 INFO Server [Thread-2] Пользватель bill ввёл: show
2021-05-09 13:24:45,905 INFO C.CommandShow [pool-3-thread-1] Команда выполнена
2021-05-09 13:24:45,914 ERROR D.DateBase [pool-3-thread-1] ОШИБКА: оператор не уникален: unknown + unknown
  Подсказка: Не удалось выбрать лучшую кандидатуру оператора. Возможно, вам следует добавить явные приведения типов.
  Позиция: 406
2021-05-09 13:24:45,915 ERROR D.DateBase [pool-3-thread-1] ОШИБКА: оператор не уникален: unknown + unknown
  Подсказка: Не удалось выбрать лучшую кандидатуру оператора. Возможно, вам следует добавить явные приведения типов.
  Позиция: 388
2021-05-09 13:29:42,352 INFO Server [Thread-3] Пользватель bill ввёл: show
2021-05-09 13:29:42,353 INFO C.CommandShow [pool-4-thread-1] Команда выполнена
2021-05-09 13:29:42,361 ERROR D.DateBase [pool-4-thread-1] ОШИБКА: оператор не уникален: unknown + unknown
  Подсказка: Не удалось выбрать лучшую кандидатуру оператора. Возможно, вам следует добавить явные приведения типов.
  Позиция: 406
2021-05-09 13:29:42,363 ERROR D.DateBase [pool-4-thread-1] ОШИБКА: оператор не уникален: unknown + unknown
  Подсказка: Не удалось выбрать лучшую кандидатуру оператора. Возможно, вам следует добавить явные приведения типов.
  Позиция: 388
2021-05-09 13:29:58,274 INFO Server [Thread-4] Пользватель bill ввёл: close server
2021-05-09 13:29:58,282 ERROR D.DateBase [pool-5-thread-1] ОШИБКА: оператор не уникален: unknown + unknown
  Подсказка: Не удалось выбрать лучшую кандидатуру оператора. Возможно, вам следует добавить явные приведения типов.
  Позиция: 406
2021-05-09 13:29:58,283 ERROR D.DateBase [pool-5-thread-1] ОШИБКА: оператор не уникален: unknown + unknown
  Подсказка: Не удалось выбрать лучшую кандидатуру оператора. Возможно, вам следует добавить явные приведения типов.
  Позиция: 388
2021-05-09 13:29:58,376 INFO Server [main] Соединение с клиентом разорвано
2021-05-09 13:29:58,377 INFO D.DateBase [main] Соединение с базой данных разорвано
2021-05-09 13:29:58,377 INFO Server [main] Сервер закрыт!
2021-05-09 13:30:13,212 INFO Server [main] Сервер запущен!
2021-05-09 13:30:13,678 INFO D.DateBase [main] Соединение с базой данных установлена
2021-05-09 13:30:13,697 INFO Server [main] Ожидание подключения...
2021-05-09 13:30:15,081 INFO Server [main] Соединение с клиентом установлено
2021-05-09 13:30:30,865 INFO D.DateBase [main] Пользователь bill успешено авторизировался
2021-05-09 13:30:32,799 INFO Server [Thread-1] Пользватель bill ввёл: show
2021-05-09 13:30:32,805 INFO C.CommandShow [pool-2-thread-1] Команда выполнена
2021-05-09 13:30:36,192 INFO Server [Thread-2] Пользватель bill ввёл: exit
2021-05-09 13:30:36,294 INFO Server [main] Соединение с клиентом разорвано
2021-05-09 13:30:36,295 INFO Server [main] Ожидание подключения...
2021-05-09 13:37:13,221 INFO Server [main] Сервер запущен!
2021-05-09 13:37:13,613 INFO D.DateBase [main] Соединение с базой данных установлена
2021-05-09 13:37:13,730 INFO Server [main] Ожидание подключения...
2021-05-09 13:37:16,334 INFO Server [main] Соединение с клиентом установлено
2021-05-09 13:37:25,117 INFO D.DateBase [main] Пользователь bill успешено авторизировался
2021-05-09 13:37:30,352 INFO Server [Thread-1] Пользватель bill ввёл: show
2021-05-09 13:37:30,376 INFO C.CommandShow [pool-2-thread-1] Команда выполнена
2021-05-09 13:37:30,426 ERROR D.DateBase [pool-2-thread-1] ОШИБКА: оператор не уникален: unknown + unknown
  Подсказка: Не удалось выбрать лучшую кандидатуру оператора. Возможно, вам следует добавить явные приведения типов.
  Позиция: 406
2021-05-09 13:37:30,428 ERROR D.DateBase [pool-2-thread-1] ОШИБКА: оператор не уникален: unknown + unknown
  Подсказка: Не удалось выбрать лучшую кандидатуру оператора. Возможно, вам следует добавить явные приведения типов.
  Позиция: 388
2021-05-09 13:39:21,060 INFO Server [Thread-2] Пользватель bill ввёл: show
2021-05-09 13:39:21,061 INFO C.CommandShow [pool-3-thread-1] Команда выполнена
2021-05-09 13:39:21,068 ERROR D.DateBase [pool-3-thread-1] ОШИБКА: оператор не уникален: unknown + unknown
  Подсказка: Не удалось выбрать лучшую кандидатуру оператора. Возможно, вам следует добавить явные приведения типов.
  Позиция: 406
2021-05-09 13:39:21,070 ERROR D.DateBase [pool-3-thread-1] ОШИБКА: оператор не уникален: unknown + unknown
  Подсказка: Не удалось выбрать лучшую кандидатуру оператора. Возможно, вам следует добавить явные приведения типов.
  Позиция: 388
2021-05-09 13:40:24,281 INFO Server [main] Сервер запущен!
2021-05-09 13:40:24,744 INFO D.DateBase [main] Соединение с базой данных установлена
2021-05-09 13:40:24,895 INFO Server [main] Ожидание подключения...
2021-05-09 13:40:26,319 INFO Server [main] Соединение с клиентом установлено
2021-05-09 13:40:32,736 INFO D.DateBase [main] Пользователь bill успешено авторизировался
2021-05-09 13:40:34,922 INFO Server [Thread-1] Пользватель bill ввёл: show
2021-05-09 13:40:34,945 INFO C.CommandShow [pool-2-thread-1] Команда выполнена
2021-05-09 13:40:35,003 ERROR D.DateBase [pool-2-thread-1] ОШИБКА: оператор не уникален: unknown + unknown
  Подсказка: Не удалось выбрать лучшую кандидатуру оператора. Возможно, вам следует добавить явные приведения типов.
  Позиция: 406
2021-05-09 13:40:35,005 ERROR D.DateBase [pool-2-thread-1] ОШИБКА: оператор не уникален: unknown + unknown
  Подсказка: Не удалось выбрать лучшую кандидатуру оператора. Возможно, вам следует добавить явные приведения типов.
  Позиция: 388
2021-05-09 13:41:30,861 INFO Server [main] Сервер запущен!
2021-05-09 13:41:31,388 INFO D.DateBase [main] Соединение с базой данных установлена
2021-05-09 13:41:31,527 INFO Server [main] Ожидание подключения...
2021-05-09 13:41:32,876 INFO Server [main] Соединение с клиентом установлено
2021-05-09 13:41:42,894 INFO D.DateBase [main] Пользователь bill успешено авторизировался
2021-05-09 13:41:45,197 INFO Server [Thread-1] Пользватель bill ввёл: show
2021-05-09 13:41:45,221 INFO C.CommandShow [pool-2-thread-1] Команда выполнена
2021-05-09 13:42:05,556 INFO Server [Thread-2] Пользватель bill ввёл: close server
2021-05-09 13:42:05,665 INFO Server [main] Соединение с клиентом разорвано
2021-05-09 13:42:05,666 INFO D.DateBase [main] Соединение с базой данных разорвано
2021-05-09 13:42:05,667 INFO Server [main] Сервер закрыт!
2021-05-09 13:50:33,426 INFO Server [main] Сервер запущен!
2021-05-09 13:50:33,974 INFO D.DateBase [main] Соединение с базой данных установлена
2021-05-09 13:50:34,098 INFO Server [main] Ожидание подключения...
2021-05-09 13:50:35,855 INFO Server [main] Соединение с клиентом установлено
2021-05-09 13:50:45,609 INFO D.DateBase [main] Пользователь bill успешено авторизировался
2021-05-09 13:50:47,787 INFO Server [Thread-1] Пользватель bill ввёл: show
2021-05-09 13:50:47,811 INFO C.CommandShow [pool-2-thread-1] Команда выполнена
2021-05-09 13:51:03,339 INFO Server [Thread-2] Пользватель bill ввёл: add FFDP,2.0,2.0,6,14,Mon Mar 01 23:22:52 MSK 2021,JAZZ,Bill,50,BROWN,YELLOW,ITALY
2021-05-09 13:51:06,075 INFO Server [Thread-3] Пользватель bill ввёл: show
2021-05-09 13:51:06,076 INFO C.CommandShow [pool-4-thread-1] Команда выполнена
2021-05-09 13:51:12,077 INFO Server [Thread-4] Пользватель bill ввёл: exit
2021-05-09 13:51:12,182 INFO Server [main] Соединение с клиентом разорвано
2021-05-09 13:51:12,183 INFO Server [main] Ожидание подключения...
2021-05-09 14:03:36,008 INFO Server [main] Сервер запущен!
2021-05-09 14:03:36,463 INFO D.DateBase [main] Соединение с базой данных установлена
2021-05-09 14:03:36,606 INFO Server [main] Ожидание подключения...
2021-05-09 14:03:42,490 INFO Server [main] Соединение с клиентом установлено
2021-05-09 14:03:51,653 INFO D.DateBase [main] Пользователь bill успешено авторизировался
2021-05-09 14:03:57,367 INFO Server [Thread-1] Пользватель bill ввёл: show
2021-05-09 14:03:57,390 INFO C.CommandShow [pool-2-thread-1] Команда выполнена
2021-05-09 14:04:00,021 INFO Server [Thread-2] Пользватель bill ввёл: clear
2021-05-09 14:04:00,024 INFO C.CommandClear [pool-3-thread-1] Элементы принадлежащие пользователю bill успешно удалены
2021-05-09 14:04:02,511 INFO Server [Thread-3] Пользватель bill ввёл: show
2021-05-09 14:04:02,512 INFO C.CommandShow [pool-4-thread-1] Команда выполнена
2021-05-09 14:13:27,961 INFO Server [main] Сервер запущен!
2021-05-09 14:13:28,428 INFO D.DateBase [main] Соединение с базой данных установлена
2021-05-09 14:13:28,612 INFO Server [main] Ожидание подключения...
2021-05-09 14:13:33,149 INFO Server [main] Соединение с клиентом установлено
2021-05-09 14:13:38,780 INFO D.DateBase [main] Пытаемся добавить пользователя в базу данных
2021-05-09 14:13:38,806 INFO D.DateBase [main] Пользователь bob добавлен
2021-05-09 14:13:40,987 INFO Server [Thread-1] Пользватель bob ввёл: show
2021-05-09 14:13:41,010 INFO C.CommandShow [pool-2-thread-1] Команда выполнена
2021-05-09 14:13:52,232 INFO Server [Thread-2] Пользватель bob ввёл: help
2021-05-09 14:13:52,233 INFO C.CommandHelp [pool-3-thread-1] Команда выполнена
2021-05-09 14:13:58,234 INFO Server [Thread-3] Пользватель bob ввёл: remove_by_id 100
2021-05-09 14:13:58,236 INFO C.CommandRemoveById [pool-4-thread-1] Элементы с такм id были успешно удалены
2021-05-09 14:14:02,754 INFO Server [Thread-4] Пользватель bob ввёл: show
2021-05-09 14:14:02,755 INFO C.CommandShow [pool-5-thread-1] Команда выполнена
2021-05-09 14:14:07,979 INFO Server [Thread-5] Пользватель bob ввёл: remove_by_id 21
2021-05-09 14:14:07,980 INFO C.CommandRemoveById [pool-6-thread-1] Элементы с такм id были успешно удалены
2021-05-09 14:17:15,940 INFO Server [main] Сервер запущен!
2021-05-09 14:17:16,374 INFO D.DateBase [main] Соединение с базой данных установлена
2021-05-09 14:17:16,512 INFO Server [main] Ожидание подключения...
2021-05-09 14:17:21,688 INFO Server [main] Соединение с клиентом установлено
2021-05-09 14:17:31,374 INFO D.DateBase [main] Пытаемся добавить пользователя в базу данных
2021-05-09 14:17:31,391 ERROR D.DateBase [main] Не удалось создать аккаунт, возможно, логин bill занят или содержит недопустимые символы
2021-05-09 14:17:42,267 INFO D.DateBase [main] Пользователь bill успешено авторизировался
2021-05-09 14:17:44,727 INFO Server [Thread-2] Пользватель bill ввёл: show
2021-05-09 14:17:44,751 INFO C.CommandShow [pool-2-thread-1] Команда выполнена
2021-05-09 14:17:50,122 INFO Server [Thread-3] Пользватель bill ввёл: message = "Не найдено элемента с таким id";
2021-05-09 14:17:50,123 ERROR C.CommandExecution [pool-3-thread-1] Неизвестная команда
2021-05-09 14:17:58,616 INFO Server [Thread-4] Пользватель bill ввёл: help
2021-05-09 14:17:58,618 INFO C.CommandHelp [pool-4-thread-1] Команда выполнена
2021-05-09 14:18:04,197 INFO Server [Thread-5] Пользватель bill ввёл: remove_by_id 100
2021-05-09 14:18:04,200 INFO C.CommandRemoveById [pool-5-thread-1] Не найдено элемента с таким id
2021-05-09 14:18:08,347 INFO Server [Thread-6] Пользватель bill ввёл: show
2021-05-09 14:18:08,349 INFO C.CommandShow [pool-6-thread-1] Команда выполнена
2021-05-09 14:18:19,557 INFO Server [Thread-7] Пользватель bill ввёл: close server
2021-05-09 14:18:19,672 INFO Server [main] Соединение с клиентом разорвано
2021-05-09 14:18:19,673 INFO D.DateBase [main] Соединение с базой данных разорвано
2021-05-09 14:18:19,673 INFO Server [main] Сервер закрыт!
2021-05-09 14:45:18,282 INFO Server [main] Сервер запущен!
2021-05-09 14:45:18,844 INFO D.DateBase [main] Соединение с базой данных установлена
2021-05-09 14:45:18,988 INFO Server [main] Ожидание подключения...
2021-05-09 14:45:20,347 INFO Server [main] Соединение с клиентом установлено
2021-05-09 14:45:36,942 INFO D.DateBase [main] Пользователь bob успешено авторизировался
2021-05-09 14:45:39,264 INFO Server [Thread-1] Пользватель bob ввёл: show
2021-05-09 14:45:39,289 INFO C.CommandShow [pool-2-thread-1] Команда выполнена
2021-05-09 14:45:42,045 INFO Server [Thread-2] Пользватель bob ввёл: help
2021-05-09 14:45:42,046 INFO C.CommandHelp [pool-3-thread-1] Команда выполнена
2021-05-09 14:45:49,296 INFO Server [Thread-3] Пользватель bob ввёл: update_id 100
2021-05-09 14:45:49,298 ERROR Server [Thread-3] Ошибка отправки ответа
2021-05-09 14:47:49,468 INFO Server [main] Сервер запущен!
2021-05-09 14:47:49,861 INFO D.DateBase [main] Соединение с базой данных установлена
2021-05-09 14:47:49,990 INFO Server [main] Ожидание подключения...
2021-05-09 14:47:51,451 INFO Server [main] Соединение с клиентом установлено
2021-05-09 14:48:04,289 INFO D.DateBase [main] Пользователь bob успешено авторизировался
2021-05-09 14:48:12,556 INFO Server [Thread-1] Пользватель bob ввёл: update_id 100
2021-05-09 14:48:12,562 ERROR Server [Thread-1] Ошибка отправки ответа
2021-05-09 14:51:45,661 INFO Server [main] Сервер запущен!
2021-05-09 14:51:46,093 INFO D.DateBase [main] Соединение с базой данных установлена
2021-05-09 14:51:46,225 INFO Server [main] Ожидание подключения...
2021-05-09 14:51:47,793 INFO Server [main] Соединение с клиентом установлено
2021-05-09 14:51:55,764 INFO D.DateBase [main] Пользователь bob успешено авторизировался
2021-05-09 14:51:58,881 INFO Server [Thread-1] Пользватель bob ввёл: show
2021-05-09 14:51:58,906 INFO C.CommandShow [pool-2-thread-1] Команда выполнена
2021-05-09 14:52:06,647 INFO Server [Thread-2] Пользватель bob ввёл: update_id 100
2021-05-09 14:52:06,678 INFO C.CommandUpdateId [pool-3-thread-1] id успешно обновлён
2021-05-09 14:52:10,057 INFO Server [Thread-3] Пользватель bob ввёл: show
2021-05-09 14:52:10,058 INFO C.CommandShow [pool-4-thread-1] Команда выполнена
2021-05-09 14:52:43,630 INFO Server [main] Сервер запущен!
2021-05-09 14:52:44,095 INFO D.DateBase [main] Соединение с базой данных установлена
2021-05-09 14:52:44,222 INFO Server [main] Ожидание подключения...
2021-05-09 14:52:45,643 INFO Server [main] Соединение с клиентом установлено
2021-05-09 14:52:53,383 INFO D.DateBase [main] Пользователь bill успешено авторизировался
2021-05-09 14:53:05,374 INFO Server [Thread-1] Пользватель bill ввёл: update_id 113
2021-05-09 14:53:05,380 ERROR C.CommandUpdateId [pool-2-thread-1] Такого элемента не существует
2021-05-09 14:53:08,668 INFO Server [Thread-2] Пользватель bill ввёл: show
2021-05-09 14:53:08,670 INFO C.CommandShow [pool-3-thread-1] Команда выполнена
2021-05-09 14:53:16,386 INFO Server [Thread-3] Пользватель bill ввёл: update_id 1fsdf
2021-05-09 14:53:16,387 ERROR Server [Thread-3] Ошибка отправки ответа
2021-05-09 14:56:14,465 INFO Server [main] Сервер запущен!
2021-05-09 14:56:14,982 INFO D.DateBase [main] Соединение с базой данных установлена
2021-05-09 14:56:15,103 INFO Server [main] Ожидание подключения...
2021-05-09 14:56:17,742 INFO Server [main] Соединение с клиентом установлено
2021-05-09 14:56:31,359 ERROR D.DateBase [main] Пользователю не удалось войти
2021-05-09 14:56:44,865 INFO D.DateBase [main] Пользователь bill успешено авторизировался
2021-05-09 14:56:56,444 INFO Server [Thread-2] Пользватель bill ввёл: update_id 113
2021-05-09 14:56:56,448 ERROR C.CommandUpdateId [pool-2-thread-1] Такого элемента не существует или у вас нет к нему доступа
2021-05-09 14:57:03,160 INFO Server [Thread-3] Пользватель bill ввёл: update_id 11sad
2021-05-09 14:57:03,161 ERROR C.CommandUpdateId [pool-3-thread-1] id неверный формат строки!
2021-05-09 15:25:58,346 INFO Server [main] Сервер запущен!
2021-05-09 15:25:58,614 INFO D.DateBase [main] Соединение с базой данных установлена
2021-05-09 15:25:58,710 INFO Server [main] Ожидание подключения...
2021-05-09 15:26:00,715 INFO Server [main] Соединение с клиентом установлено
2021-05-09 15:28:04,947 INFO Server [main] Сервер запущен!
2021-05-09 15:28:05,354 INFO Server [main] Сервер запущен!
2021-05-09 15:28:05,372 INFO D.DateBase [main] Соединение с базой данных установлена
2021-05-09 15:28:05,539 INFO Server [main] Ожидание подключения...
2021-05-09 15:28:05,802 INFO D.DateBase [main] Соединение с базой данных установлена
2021-05-09 15:28:12,326 INFO Server [main] Сервер запущен!
2021-05-09 15:28:12,590 INFO D.DateBase [main] Соединение с базой данных установлена
2021-05-09 15:28:12,685 INFO Server [main] Ожидание подключения...
2021-05-09 15:28:16,681 INFO Server [main] Соединение с клиентом установлено
2021-05-09 15:28:24,455 INFO D.DateBase [main] Пользователь bob успешено авторизировался
2021-05-09 15:28:26,911 INFO Server [Thread-1] Пользватель bob ввёл: 
2021-05-09 15:28:26,914 ERROR C.CommandExecution [pool-2-thread-1] Неизвестная команда
2021-05-09 15:28:33,570 INFO Server [Thread-2] Пользватель bob ввёл: help
2021-05-09 15:28:33,571 INFO C.CommandHelp [pool-3-thread-1] Команда выполнена
2021-05-09 15:29:39,823 INFO Server [main] Сервер запущен!
2021-05-09 15:29:40,234 INFO D.DateBase [main] Соединение с базой данных установлена
2021-05-09 15:29:40,328 INFO Server [main] Ожидание подключения...
2021-05-09 15:29:41,194 INFO Server [main] Соединение с клиентом установлено
2021-05-09 15:29:47,383 INFO D.DateBase [main] Пользователь bob успешено авторизировался
2021-05-09 15:29:52,007 INFO Server [Thread-1] Пользватель bob ввёл: help
2021-05-09 15:29:52,010 INFO C.CommandHelp [pool-2-thread-1] Команда выполнена
2021-05-09 15:30:00,136 INFO Server [Thread-2] Пользватель bob ввёл: update_id 100
2021-05-09 15:30:00,138 ERROR C.CommandUpdateId [pool-3-thread-1] Такого элемента не существует или у вас нет к нему доступа
2021-05-09 15:30:47,310 INFO Server [main] Сервер запущен!
2021-05-09 15:30:47,596 INFO D.DateBase [main] Соединение с базой данных установлена
2021-05-09 15:30:47,687 INFO Server [main] Ожидание подключения...
2021-05-09 15:30:49,340 INFO Server [main] Соединение с клиентом установлено
2021-05-09 15:30:56,057 INFO D.DateBase [main] Пользователь bob успешено авторизировался
2021-05-09 15:31:15,788 INFO Server [Thread-1] Пользватель bob ввёл: bob 12345 1
2021-05-09 15:31:15,791 ERROR C.CommandExecution [pool-2-thread-1] Неизвестная команда
2021-05-09 15:32:19,654 INFO Server [main] Сервер запущен!
2021-05-09 15:32:19,971 INFO D.DateBase [main] Соединение с базой данных установлена
2021-05-09 15:32:20,114 INFO Server [main] Ожидание подключения...
2021-05-09 15:32:21,084 INFO Server [main] Соединение с клиентом установлено
2021-05-09 15:32:26,967 INFO D.DateBase [main] Пользователь bob успешено авторизировался
2021-05-09 15:32:31,043 INFO Server [Thread-1] Пользватель bob ввёл: help
2021-05-09 15:32:31,046 INFO C.CommandHelp [pool-2-thread-1] Команда выполнена
2021-05-09 15:32:39,873 INFO Server [Thread-2] Пользватель bob ввёл: update_id 100
2021-05-09 15:32:39,875 ERROR C.CommandUpdateId [pool-3-thread-1] Такого элемента не существует или у вас нет к нему доступа
2021-05-09 15:32:54,195 INFO Server [Thread-3] Пользватель bob ввёл: update_id 113
2021-05-09 15:32:54,212 INFO C.CommandUpdateId [pool-4-thread-1] id успешно обновлён
2021-05-09 15:32:57,441 INFO Server [Thread-4] Пользватель bob ввёл: show
2021-05-09 15:32:57,442 INFO C.CommandShow [pool-5-thread-1] Команда выполнена
2021-05-09 15:33:24,417 INFO Server [Thread-5] Пользватель bob ввёл: count_by_albums_count 14
2021-05-09 15:33:24,423 INFO C.CommandCountByAlbumsCount [pool-6-thread-1] Команда выполнена
2021-05-09 15:33:40,080 INFO Server [Thread-6] Пользватель bob ввёл: dsad
2021-05-09 15:33:40,080 ERROR C.CommandExecution [pool-7-thread-1] Неизвестная команда
2021-05-09 15:34:50,918 INFO Server [Thread-7] Пользватель bob ввёл: add Metallica,1,2,4,12,Mon Mar 01 23:22:52 MSK 2021,JAZZ,Bob,70,YELLOW,BROWN,
2021-05-09 15:34:50,932 ERROR D.DateBase [pool-8-thread-1] ОШИБКА: новая строка в отношении "musicband" нарушает ограничение-проверку "musicband_frontman_nationality_check"
  Подробности: Ошибочная строка содержит (152, Metallica, 1, 2, 2021-05-09T15:34:50.919755400, 4, 12, Mon Mar 01 23:22:52 MSK 2021, JAZZ, Bob, 70, YELLOW, BROWN, , bob).
2021-05-09 15:34:51,033 INFO Server [Thread-8] Пользватель bob ввёл: 
2021-05-09 15:34:51,034 ERROR C.CommandExecution [pool-9-thread-1] Неизвестная команда
2021-05-09 15:34:51,144 INFO Server [Thread-9] Пользватель bob ввёл: 
2021-05-09 15:34:51,144 ERROR C.CommandExecution [pool-10-thread-1] Неизвестная команда
2021-05-09 15:34:51,269 INFO Server [Thread-10] Пользватель bob ввёл: 
2021-05-09 15:34:51,270 ERROR C.CommandExecution [pool-11-thread-1] Неизвестная команда
2021-05-09 15:37:08,074 INFO Server [Thread-11] Пользватель bob ввёл: add Metallica,1,1,12,13,Mon Mar 01 23:22:52 MSK 2021,JAZZ,BILL,60,BROWN,YELLOW,USA
2021-05-09 15:37:11,952 INFO Server [Thread-12] Пользватель bob ввёл: show
2021-05-09 15:37:11,953 INFO C.CommandShow [pool-13-thread-1] Команда выполнена
2021-05-09 17:39:29,094 INFO Server [main] Сервер запущен!
2021-05-09 17:39:29,644 INFO D.DateBase [main] Соединение с базой данных установлена
2021-05-09 17:39:29,788 INFO Server [main] Ожидание подключения...
